<?xml version="1.0" encoding="UTF-8"?>
<testng-results ignored="0" total="4" passed="4" failed="0" skipped="0">
  <reporter-output>
  </reporter-output>
  <suite started-at="2021-07-05T21:22:03 IST" name="Command line suite" finished-at="2021-07-05T21:22:03 IST" duration-ms="47">
    <groups>
    </groups>
    <test started-at="2021-07-05T21:22:03 IST" name="Command line test" finished-at="2021-07-05T21:22:03 IST" duration-ms="47">
      <class name="yogesh.EndtoEnd1.RESTAPITest">
        <test-method signature="deleteTwitter()[pri:0, instance:yogesh.EndtoEnd1.RESTAPITest@2f490758]" started-at="2021-07-05T21:22:03 IST" name="deleteTwitter" finished-at="2021-07-05T21:22:03 IST" duration-ms="0" status="PASS">
          <reporter-output>
          </reporter-output>
        </test-method> <!-- deleteTwitter -->
        <test-method signature="postJira()[pri:0, instance:yogesh.EndtoEnd1.RESTAPITest@2f490758]" started-at="2021-07-05T21:22:03 IST" name="postJira" finished-at="2021-07-05T21:22:03 IST" duration-ms="0" status="PASS">
          <reporter-output>
          </reporter-output>
        </test-method> <!-- postJira -->
      </class> <!-- yogesh.EndtoEnd1.RESTAPITest -->
      <class name="yogesh.EndtoEnd1.AppiumTest">
        <test-method signature="IOSApps()[pri:0, instance:yogesh.EndtoEnd1.AppiumTest@3d8314f0]" started-at="2021-07-05T21:22:03 IST" name="IOSApps" finished-at="2021-07-05T21:22:03 IST" duration-ms="4" status="PASS">
          <reporter-output>
          </reporter-output>
        </test-method> <!-- IOSApps -->
        <test-method signature="NativeAPpAndroid()[pri:0, instance:yogesh.EndtoEnd1.AppiumTest@3d8314f0]" started-at="2021-07-05T21:22:03 IST" name="NativeAPpAndroid" finished-at="2021-07-05T21:22:03 IST" duration-ms="1" status="PASS">
          <reporter-output>
          </reporter-output>
        </test-method> <!-- NativeAPpAndroid -->
      </class> <!-- yogesh.EndtoEnd1.AppiumTest -->
    </test> <!-- Command line test -->
  </suite> <!-- Command line suite -->
</testng-results>
