<?xml version="1.0" encoding="UTF-8"?>
<!-- Generated by org.testng.reporters.JUnitXMLReporter -->
<testsuite ignored="0" hostname="Aakash" failures="0" tests="4" name="Command line test" time="0.047" errors="0" timestamp="2021-07-05T21:22:03 IST">
  <testcase classname="yogesh.EndtoEnd1.AppiumTest" name="IOSApps" time="0.004"/>
  <testcase classname="yogesh.EndtoEnd1.AppiumTest" name="NativeAPpAndroid" time="0.001"/>
  <testcase classname="yogesh.EndtoEnd1.RESTAPITest" name="deleteTwitter" time="0.0"/>
  <testcase classname="yogesh.EndtoEnd1.RESTAPITest" name="postJira" time="0.0"/>
</testsuite> <!-- Command line test -->
